Flat profile:

Each sample counts as 0.01 seconds.
  %   cumulative   self              self     total           
 time   seconds   seconds    calls   s/call   s/call  name    
101.78      2.75     2.75      100     0.03     0.03  StaticFunc
  0.00      2.75     0.00        1     0.00     2.75  TestFunc

			Call graph


granularity: each sample hit covers 2 byte(s) for 0.36% of 2.75 seconds

index % time    self  children    called     name
                2.75    0.00     100/100         TestFunc [2]
[1]    100.0    2.75    0.00     100         StaticFunc [1]
-----------------------------------------------
                0.00    2.75       1/1           main [3]
[2]    100.0    0.00    2.75       1         TestFunc [2]
                2.75    0.00     100/100         StaticFunc [1]
-----------------------------------------------
                                                 <spontaneous>
[3]    100.0    0.00    2.75                 main [3]
                0.00    2.75       1/1           TestFunc [2]
-----------------------------------------------

Index by function name

   [1] StaticFunc              [2] TestFunc
